# JRE version: OpenJDK Runtime Environment Temurin-21.0.5+11 (21.0.5+11) (build 21.0.5+11-LTS)
# Java VM: OpenJDK 64-Bit Server VM Temurin-21.0.5+11 (21.0.5+11-LTS, mixed mode, sharing, tiered, compressed oops, compressed class ptrs, parallel gc, windows-amd64)
GC Precious Log:
 CardTable entry size: 512
 CPUs: 8 total, 8 available
 Memory: 16227M
 Large Page Support: Disabled
 NUMA Support: Disabled
 Compressed Oops: Enabled (32-bit)
 Alignments: Space 512K, Generation 512K, Heap 2M
 Heap Min Capacity: 100M
 Heap Initial Capacity: 100M
 Heap Max Capacity: 1G
 Pre-touch: Disabled
 Parallel Workers: 8
Heap:
 PSYoungGen      total 18432K, used 9336K [0x00000000eab00000, 0x00000000ebf80000, 0x0000000100000000)
  eden space 16896K, 47% used [0x00000000eab00000,0x00000000eb2da298,0x00000000ebb80000)
  from space 1536K, 84% used [0x00000000ebd00000,0x00000000ebe44110,0x00000000ebe80000)
  to   space 1024K, 0% used [0x00000000ebe80000,0x00000000ebe80000,0x00000000ebf80000)
 ParOldGen       total 68608K, used 34845K [0x00000000c0000000, 0x00000000c4300000, 0x00000000eab00000)
  object space 68608K, 50% used [0x00000000c0000000,0x00000000c2207728,0x00000000c4300000)
 Metaspace       used 43318K, committed 44352K, reserved 1114112K
  class space    used 4306K, committed 4736K, reserved 1048576K
GC Heap History (20 events):
Event: 37.416 GC heap before
{Heap before GC invocations=16 (full 2):
 PSYoungGen      total 21504K, used 379K [0x00000000eab00000, 0x00000000ec380000, 0x0000000100000000)
  eden space 20992K, 0% used [0x00000000eab00000,0x00000000eab00000,0x00000000ebf80000)
  from space 512K, 74% used [0x00000000ec300000,0x00000000ec35eeb0,0x00000000ec380000)
  to   space 1024K, 0% used [0x00000000ec180000,0x00000000ec180000,0x00000000ec280000)
 ParOldGen       total 68608K, used 22512K [0x00000000c0000000, 0x00000000c4300000, 0x00000000eab00000)
  object space 68608K, 32% used [0x00000000c0000000,0x00000000c15fc030,0x00000000c4300000)
 Metaspace       used 34844K, committed 35840K, reserved 1114112K
  class space    used 3528K, committed 3968K, reserved 1048576K
}
Event: 37.506 GC heap after
{Heap after GC invocations=16 (full 2):
 PSYoungGen      total 21504K, used 0K [0x00000000eab00000, 0x00000000ec380000, 0x0000000100000000)
  eden space 20992K, 0% used [0x00000000eab00000,0x00000000eab00000,0x00000000ebf80000)
  from space 512K, 0% used [0x00000000ec300000,0x00000000ec300000,0x00000000ec380000)
  to   space 1024K, 0% used [0x00000000ec180000,0x00000000ec180000,0x00000000ec280000)
 ParOldGen       total 68608K, used 21484K [0x00000000c0000000, 0x00000000c4300000, 0x00000000eab00000)
  object space 68608K, 31% used [0x00000000c0000000,0x00000000c14fb2e8,0x00000000c4300000)
 Metaspace       used 34539K, committed 35840K, reserved 1114112K
  class space    used 3442K, committed 3968K, reserved 1048576K
}
Event: 38.090 GC heap before
{Heap before GC invocations=17 (full 2):
 PSYoungGen      total 21504K, used 20992K [0x00000000eab00000, 0x00000000ec380000, 0x0000000100000000)
  eden space 20992K, 100% used [0x00000000eab00000,0x00000000ebf80000,0x00000000ebf80000)
  from space 512K, 0% used [0x00000000ec300000,0x00000000ec300000,0x00000000ec380000)
  to   space 1024K, 0% used [0x00000000ec180000,0x00000000ec180000,0x00000000ec280000)
 ParOldGen       total 68608K, used 21484K [0x00000000c0000000, 0x00000000c4300000, 0x00000000eab00000)
  object space 68608K, 31% used [0x00000000c0000000,0x00000000c14fb330,0x00000000c4300000)
 Metaspace       used 36401K, committed 37312K, reserved 1114112K
  class space    used 3622K, committed 4032K, reserved 1048576K
}
Event: 38.092 GC heap after
{Heap after GC invocations=17 (full 2):
 PSYoungGen      total 22016K, used 544K [0x00000000eab00000, 0x00000000ec380000, 0x0000000100000000)
  eden space 20992K, 0% used [0x00000000eab00000,0x00000000eab00000,0x00000000ebf80000)
  from space 1024K, 53% used [0x00000000ec180000,0x00000000ec208000,0x00000000ec280000)
  to   space 1024K, 0% used [0x00000000ec280000,0x00000000ec280000,0x00000000ec380000)
 ParOldGen       total 68608K, used 21492K [0x00000000c0000000, 0x00000000c4300000, 0x00000000eab00000)
  object space 68608K, 31% used [0x00000000c0000000,0x00000000c14fd330,0x00000000c4300000)
 Metaspace       used 36401K, committed 37312K, reserved 1114112K
  class space    used 3622K, committed 4032K, reserved 1048576K
}
Event: 38.334 GC heap before
{Heap before GC invocations=18 (full 2):
 PSYoungGen      total 22016K, used 21536K [0x00000000eab00000, 0x00000000ec380000, 0x0000000100000000)
  eden space 20992K, 100% used [0x00000000eab00000,0x00000000ebf80000,0x00000000ebf80000)
  from space 1024K, 53% used [0x00000000ec180000,0x00000000ec208000,0x00000000ec280000)
  to   space 1024K, 0% used [0x00000000ec280000,0x00000000ec280000,0x00000000ec380000)
 ParOldGen       total 68608K, used 21495K [0x00000000c0000000, 0x00000000c4300000, 0x00000000eab00000)
  object space 68608K, 31% used [0x00000000c0000000,0x00000000c14fdc28,0x00000000c4300000)
 Metaspace       used 36960K, committed 37888K, reserved 1114112K
  class space    used 3670K, committed 4032K, reserved 1048576K
}
Event: 38.337 GC heap after
{Heap after GC invocations=18 (full 2):
 PSYoungGen      total 22016K, used 1024K [0x00000000eab00000, 0x00000000ec480000, 0x0000000100000000)
  eden space 20992K, 0% used [0x00000000eab00000,0x00000000eab00000,0x00000000ebf80000)
  from space 1024K, 100% used [0x00000000ec280000,0x00000000ec380000,0x00000000ec380000)
  to   space 2560K, 0% used [0x00000000ebf80000,0x00000000ebf80000,0x00000000ec200000)
 ParOldGen       total 68608K, used 22419K [0x00000000c0000000, 0x00000000c4300000, 0x00000000eab00000)
  object space 68608K, 32% used [0x00000000c0000000,0x00000000c15e4d38,0x00000000c4300000)
 Metaspace       used 36960K, committed 37888K, reserved 1114112K
  class space    used 3670K, committed 4032K, reserved 1048576K
}
Event: 38.445 GC heap before
{Heap before GC invocations=19 (full 2):
 PSYoungGen      total 22016K, used 22016K [0x00000000eab00000, 0x00000000ec480000, 0x0000000100000000)
  eden space 20992K, 100% used [0x00000000eab00000,0x00000000ebf80000,0x00000000ebf80000)
  from space 1024K, 100% used [0x00000000ec280000,0x00000000ec380000,0x00000000ec380000)
  to   space 2560K, 0% used [0x00000000ebf80000,0x00000000ebf80000,0x00000000ec200000)
 ParOldGen       total 68608K, used 22419K [0x00000000c0000000, 0x00000000c4300000, 0x00000000eab00000)
  object space 68608K, 32% used [0x00000000c0000000,0x00000000c15e4d38,0x00000000c4300000)
 Metaspace       used 37199K, committed 38080K, reserved 1114112K
  class space    used 3704K, committed 4096K, reserved 1048576K
}
Event: 38.452 GC heap after
{Heap after GC invocations=19 (full 2):
 PSYoungGen      total 23552K, used 2532K [0x00000000eab00000, 0x00000000ec580000, 0x0000000100000000)
  eden space 20992K, 0% used [0x00000000eab00000,0x00000000eab00000,0x00000000ebf80000)
  from space 2560K, 98% used [0x00000000ebf80000,0x00000000ec1f9000,0x00000000ec200000)
  to   space 3072K, 0% used [0x00000000ec280000,0x00000000ec280000,0x00000000ec580000)
 ParOldGen       total 68608K, used 23435K [0x00000000c0000000, 0x00000000c4300000, 0x00000000eab00000)
  object space 68608K, 34% used [0x00000000c0000000,0x00000000c16e2d38,0x00000000c4300000)
 Metaspace       used 37199K, committed 38080K, reserved 1114112K
  class space    used 3704K, committed 4096K, reserved 1048576K
}
Event: 38.531 GC heap before
{Heap before GC invocations=20 (full 2):
 PSYoungGen      total 23552K, used 23524K [0x00000000eab00000, 0x00000000ec580000, 0x0000000100000000)
  eden space 20992K, 100% used [0x00000000eab00000,0x00000000ebf80000,0x00000000ebf80000)
  from space 2560K, 98% used [0x00000000ebf80000,0x00000000ec1f9000,0x00000000ec200000)
  to   space 3072K, 0% used [0x00000000ec280000,0x00000000ec280000,0x00000000ec580000)
 ParOldGen       total 68608K, used 23435K [0x00000000c0000000, 0x00000000c4300000, 0x00000000eab00000)
  object space 68608K, 34% used [0x00000000c0000000,0x00000000c16e2d38,0x00000000c4300000)
 Metaspace       used 37429K, committed 38336K, reserved 1114112K
  class space    used 3725K, committed 4160K, reserved 1048576K
}
Event: 38.538 GC heap after
{Heap after GC invocations=20 (full 2):
 PSYoungGen      total 24064K, used 2649K [0x00000000eab00000, 0x00000000ec580000, 0x0000000100000000)
  eden space 20992K, 0% used [0x00000000eab00000,0x00000000eab00000,0x00000000ebf80000)
  from space 3072K, 86% used [0x00000000ec280000,0x00000000ec5164a0,0x00000000ec580000)
  to   space 3072K, 0% used [0x00000000ebf80000,0x00000000ebf80000,0x00000000ec280000)
 ParOldGen       total 68608K, used 25847K [0x00000000c0000000, 0x00000000c4300000, 0x00000000eab00000)
  object space 68608K, 37% used [0x00000000c0000000,0x00000000c193dd38,0x00000000c4300000)
 Metaspace       used 37429K, committed 38336K, reserved 1114112K
  class space    used 3725K, committed 4160K, reserved 1048576K
}
Event: 38.698 GC heap before
{Heap before GC invocations=21 (full 2):
 PSYoungGen      total 24064K, used 23641K [0x00000000eab00000, 0x00000000ec580000, 0x0000000100000000)
  eden space 20992K, 100% used [0x00000000eab00000,0x00000000ebf80000,0x00000000ebf80000)
  from space 3072K, 86% used [0x00000000ec280000,0x00000000ec5164a0,0x00000000ec580000)
  to   space 3072K, 0% used [0x00000000ebf80000,0x00000000ebf80000,0x00000000ec280000)
 ParOldGen       total 68608K, used 25847K [0x00000000c0000000, 0x00000000c4300000, 0x00000000eab00000)
  object space 68608K, 37% used [0x00000000c0000000,0x00000000c193dd38,0x00000000c4300000)
 Metaspace       used 38392K, committed 39296K, reserved 1114112K
  class space    used 3841K, committed 4224K, reserved 1048576K
}
Event: 38.706 GC heap after
{Heap after GC invocations=21 (full 2):
 PSYoungGen      total 23552K, used 2056K [0x00000000eab00000, 0x00000000ec480000, 0x0000000100000000)
  eden space 20992K, 0% used [0x00000000eab00000,0x00000000eab00000,0x00000000ebf80000)
  from space 2560K, 80% used [0x00000000ebf80000,0x00000000ec182210,0x00000000ec200000)
  to   space 2560K, 0% used [0x00000000ec200000,0x00000000ec200000,0x00000000ec480000)
 ParOldGen       total 68608K, used 28448K [0x00000000c0000000, 0x00000000c4300000, 0x00000000eab00000)
  object space 68608K, 41% used [0x00000000c0000000,0x00000000c1bc81d8,0x00000000c4300000)
 Metaspace       used 38392K, committed 39296K, reserved 1114112K
  class space    used 3841K, committed 4224K, reserved 1048576K
}
Event: 39.127 GC heap before
{Heap before GC invocations=22 (full 2):
 PSYoungGen      total 23552K, used 23048K [0x00000000eab00000, 0x00000000ec480000, 0x0000000100000000)
  eden space 20992K, 100% used [0x00000000eab00000,0x00000000ebf80000,0x00000000ebf80000)
  from space 2560K, 80% used [0x00000000ebf80000,0x00000000ec182210,0x00000000ec200000)
  to   space 2560K, 0% used [0x00000000ec200000,0x00000000ec200000,0x00000000ec480000)
 ParOldGen       total 68608K, used 28448K [0x00000000c0000000, 0x00000000c4300000, 0x00000000eab00000)
  object space 68608K, 41% used [0x00000000c0000000,0x00000000c1bc81d8,0x00000000c4300000)
 Metaspace       used 40657K, committed 41664K, reserved 1114112K
  class space    used 4050K, committed 4480K, reserved 1048576K
}
Event: 39.135 GC heap after
{Heap after GC invocations=22 (full 2):
 PSYoungGen      total 19456K, used 2542K [0x00000000eab00000, 0x00000000ecc80000, 0x0000000100000000)
  eden space 16896K, 0% used [0x00000000eab00000,0x00000000eab00000,0x00000000ebb80000)
  from space 2560K, 99% used [0x00000000ec200000,0x00000000ec47ba58,0x00000000ec480000)
  to   space 6656K, 0% used [0x00000000ebb80000,0x00000000ebb80000,0x00000000ec200000)
 ParOldGen       total 68608K, used 31708K [0x00000000c0000000, 0x00000000c4300000, 0x00000000eab00000)
  object space 68608K, 46% used [0x00000000c0000000,0x00000000c1ef7010,0x00000000c4300000)
 Metaspace       used 40657K, committed 41664K, reserved 1114112K
  class space    used 4050K, committed 4480K, reserved 1048576K
}
Event: 39.263 GC heap before
{Heap before GC invocations=23 (full 2):
 PSYoungGen      total 19456K, used 19438K [0x00000000eab00000, 0x00000000ecc80000, 0x0000000100000000)
  eden space 16896K, 100% used [0x00000000eab00000,0x00000000ebb80000,0x00000000ebb80000)
  from space 2560K, 99% used [0x00000000ec200000,0x00000000ec47ba58,0x00000000ec480000)
  to   space 6656K, 0% used [0x00000000ebb80000,0x00000000ebb80000,0x00000000ec200000)
 ParOldGen       total 68608K, used 31708K [0x00000000c0000000, 0x00000000c4300000, 0x00000000eab00000)
  object space 68608K, 46% used [0x00000000c0000000,0x00000000c1ef7010,0x00000000c4300000)
 Metaspace       used 40913K, committed 41920K, reserved 1114112K
  class space    used 4068K, committed 4480K, reserved 1048576K
}
Event: 39.270 GC heap after
{Heap after GC invocations=23 (full 2):
 PSYoungGen      total 18944K, used 1538K [0x00000000eab00000, 0x00000000ec280000, 0x0000000100000000)
  eden space 16896K, 0% used [0x00000000eab00000,0x00000000eab00000,0x00000000ebb80000)
  from space 2048K, 75% used [0x00000000ebb80000,0x00000000ebd00a00,0x00000000ebd80000)
  to   space 3584K, 0% used [0x00000000ebf00000,0x00000000ebf00000,0x00000000ec280000)
 ParOldGen       total 68608K, used 34234K [0x00000000c0000000, 0x00000000c4300000, 0x00000000eab00000)
  object space 68608K, 49% used [0x00000000c0000000,0x00000000c216ea18,0x00000000c4300000)
 Metaspace       used 40913K, committed 41920K, reserved 1114112K
  class space    used 4068K, committed 4480K, reserved 1048576K
}
Event: 39.360 GC heap before
{Heap before GC invocations=24 (full 2):
 PSYoungGen      total 18944K, used 18434K [0x00000000eab00000, 0x00000000ec280000, 0x0000000100000000)
  eden space 16896K, 100% used [0x00000000eab00000,0x00000000ebb80000,0x00000000ebb80000)
  from space 2048K, 75% used [0x00000000ebb80000,0x00000000ebd00a00,0x00000000ebd80000)
  to   space 3584K, 0% used [0x00000000ebf00000,0x00000000ebf00000,0x00000000ec280000)
 ParOldGen       total 68608K, used 34234K [0x00000000c0000000, 0x00000000c4300000, 0x00000000eab00000)
  object space 68608K, 49% used [0x00000000c0000000,0x00000000c216ea18,0x00000000c4300000)
 Metaspace       used 40920K, committed 41920K, reserved 1114112K
  class space    used 4068K, committed 4480K, reserved 1048576K
}
Event: 39.363 GC heap after
{Heap after GC invocations=24 (full 2):
 PSYoungGen      total 17920K, used 999K [0x00000000eab00000, 0x00000000ec000000, 0x0000000100000000)
  eden space 16896K, 0% used [0x00000000eab00000,0x00000000eab00000,0x00000000ebb80000)
  from space 1024K, 97% used [0x00000000ebf00000,0x00000000ebff9dd0,0x00000000ec000000)
  to   space 1536K, 0% used [0x00000000ebd00000,0x00000000ebd00000,0x00000000ebe80000)
 ParOldGen       total 68608K, used 34837K [0x00000000c0000000, 0x00000000c4300000, 0x00000000eab00000)
  object space 68608K, 50% used [0x00000000c0000000,0x00000000c2205728,0x00000000c4300000)
 Metaspace       used 40920K, committed 41920K, reserved 1114112K
  class space    used 4068K, committed 4480K, reserved 1048576K
}
Event: 39.672 GC heap before
{Heap before GC invocations=25 (full 2):
 PSYoungGen      total 17920K, used 17895K [0x00000000eab00000, 0x00000000ec000000, 0x0000000100000000)
  eden space 16896K, 99% used [0x00000000eab00000,0x00000000ebb7ffe8,0x00000000ebb80000)
  from space 1024K, 97% used [0x00000000ebf00000,0x00000000ebff9dd0,0x00000000ec000000)
  to   space 1536K, 0% used [0x00000000ebd00000,0x00000000ebd00000,0x00000000ebe80000)
 ParOldGen       total 68608K, used 34837K [0x00000000c0000000, 0x00000000c4300000, 0x00000000eab00000)
  object space 68608K, 50% used [0x00000000c0000000,0x00000000c2205728,0x00000000c4300000)
 Metaspace       used 42665K, committed 43648K, reserved 1114112K
  class space    used 4233K, committed 4672K, reserved 1048576K
}
Event: 39.676 GC heap after
{Heap after GC invocations=25 (full 2):
 PSYoungGen      total 18432K, used 1296K [0x00000000eab00000, 0x00000000ebf80000, 0x0000000100000000)
  eden space 16896K, 0% used [0x00000000eab00000,0x00000000eab00000,0x00000000ebb80000)
  from space 1536K, 84% used [0x00000000ebd00000,0x00000000ebe44110,0x00000000ebe80000)
  to   space 1024K, 0% used [0x00000000ebe80000,0x00000000ebe80000,0x00000000ebf80000)
 ParOldGen       total 68608K, used 34845K [0x00000000c0000000, 0x00000000c4300000, 0x00000000eab00000)
  object space 68608K, 50% used [0x00000000c0000000,0x00000000c2207728,0x00000000c4300000)
 Metaspace       used 42665K, committed 43648K, reserved 1114112K
  class space    used 4233K, committed 4672K, reserved 1048576K
}

