# JRE version: OpenJDK Runtime Environment Temurin-21.0.5+11 (21.0.5+11) (build 21.0.5+11-LTS)
# Java VM: OpenJDK 64-Bit Server VM Temurin-21.0.5+11 (21.0.5+11-LTS, mixed mode, sharing, tiered, compressed oops, compressed class ptrs, parallel gc, windows-amd64)
GC Precious Log:
 CardTable entry size: 512
 CPUs: 8 total, 8 available
 Memory: 16227M
 Large Page Support: Disabled
 NUMA Support: Disabled
 Compressed Oops: Enabled (32-bit)
 Alignments: Space 512K, Generation 512K, Heap 2M
 Heap Min Capacity: 100M
 Heap Initial Capacity: 100M
 Heap Max Capacity: 1G
 Pre-touch: Disabled
 Parallel Workers: 8
Heap:
 PSYoungGen      total 4608K, used 0K [0x00000000eab00000, 0x00000000eb080000, 0x0000000100000000)
  eden space 4096K, 0% used [0x00000000eab00000,0x00000000eab00000,0x00000000eaf00000)
  from space 512K, 0% used [0x00000000eb000000,0x00000000eb000000,0x00000000eb080000)
  to   space 512K, 0% used [0x00000000eaf80000,0x00000000eaf80000,0x00000000eb000000)
 ParOldGen       total 699392K, used 693226K [0x00000000c0000000, 0x00000000eab00000, 0x00000000eab00000)
  object space 699392K, 99% used [0x00000000c0000000,0x00000000ea4fa918,0x00000000eab00000)
 Metaspace       used 76008K, committed 77632K, reserved 1179648K
  class space    used 7803K, committed 8512K, reserved 1048576K
GC Heap History (20 events):
Event: 126.554 GC heap after
{Heap after GC invocations=818 (full 3):
 PSYoungGen      total 2560K, used 1087K [0x00000000eab00000, 0x00000000eb300000, 0x0000000100000000)
  eden space 1024K, 0% used [0x00000000eab00000,0x00000000eab00000,0x00000000eac00000)
  from space 1536K, 70% used [0x00000000eac00000,0x00000000ead0fe10,0x00000000ead80000)
  to   space 3072K, 0% used [0x00000000eb000000,0x00000000eb000000,0x00000000eb300000)
 ParOldGen       total 663552K, used 663496K [0x00000000c0000000, 0x00000000e8800000, 0x00000000eab00000)
  object space 663552K, 99% used [0x00000000c0000000,0x00000000e87f2250,0x00000000e8800000)
 Metaspace       used 76005K, committed 77632K, reserved 1179648K
  class space    used 7802K, committed 8512K, reserved 1048576K
}
Event: 126.563 GC heap before
{Heap before GC invocations=819 (full 3):
 PSYoungGen      total 2560K, used 2111K [0x00000000eab00000, 0x00000000eb300000, 0x0000000100000000)
  eden space 1024K, 100% used [0x00000000eab00000,0x00000000eac00000,0x00000000eac00000)
  from space 1536K, 70% used [0x00000000eac00000,0x00000000ead0fe10,0x00000000ead80000)
  to   space 3072K, 0% used [0x00000000eb000000,0x00000000eb000000,0x00000000eb300000)
 ParOldGen       total 663552K, used 663496K [0x00000000c0000000, 0x00000000e8800000, 0x00000000eab00000)
  object space 663552K, 99% used [0x00000000c0000000,0x00000000e87f2250,0x00000000e8800000)
 Metaspace       used 76005K, committed 77632K, reserved 1179648K
  class space    used 7802K, committed 8512K, reserved 1048576K
}
Event: 126.568 GC heap after
{Heap after GC invocations=819 (full 3):
 PSYoungGen      total 3072K, used 1087K [0x00000000eab00000, 0x00000000eb180000, 0x0000000100000000)
  eden space 1536K, 0% used [0x00000000eab00000,0x00000000eab00000,0x00000000eac80000)
  from space 1536K, 70% used [0x00000000eb000000,0x00000000eb10fe60,0x00000000eb180000)
  to   space 1536K, 0% used [0x00000000eae80000,0x00000000eae80000,0x00000000eb000000)
 ParOldGen       total 664576K, used 664492K [0x00000000c0000000, 0x00000000e8900000, 0x00000000eab00000)
  object space 664576K, 99% used [0x00000000c0000000,0x00000000e88eb3c0,0x00000000e8900000)
 Metaspace       used 76005K, committed 77632K, reserved 1179648K
  class space    used 7802K, committed 8512K, reserved 1048576K
}
Event: 126.587 GC heap before
{Heap before GC invocations=820 (full 3):
 PSYoungGen      total 3072K, used 2593K [0x00000000eab00000, 0x00000000eb180000, 0x0000000100000000)
  eden space 1536K, 98% used [0x00000000eab00000,0x00000000eac78960,0x00000000eac80000)
  from space 1536K, 70% used [0x00000000eb000000,0x00000000eb10fe60,0x00000000eb180000)
  to   space 1536K, 0% used [0x00000000eae80000,0x00000000eae80000,0x00000000eb000000)
 ParOldGen       total 664576K, used 664492K [0x00000000c0000000, 0x00000000e8900000, 0x00000000eab00000)
  object space 664576K, 99% used [0x00000000c0000000,0x00000000e88eb3c0,0x00000000e8900000)
 Metaspace       used 76005K, committed 77632K, reserved 1179648K
  class space    used 7802K, committed 8512K, reserved 1048576K
}
Event: 126.594 GC heap after
{Heap after GC invocations=820 (full 3):
 PSYoungGen      total 3584K, used 1394K [0x00000000eab00000, 0x00000000eb080000, 0x0000000100000000)
  eden space 2048K, 0% used [0x00000000eab00000,0x00000000eab00000,0x00000000ead00000)
  from space 1536K, 90% used [0x00000000eae80000,0x00000000eafdcbb0,0x00000000eb000000)
  to   space 512K, 0% used [0x00000000eb000000,0x00000000eb000000,0x00000000eb080000)
 ParOldGen       total 665600K, used 665465K [0x00000000c0000000, 0x00000000e8a00000, 0x00000000eab00000)
  object space 665600K, 99% used [0x00000000c0000000,0x00000000e89de4e0,0x00000000e8a00000)
 Metaspace       used 76005K, committed 77632K, reserved 1179648K
  class space    used 7802K, committed 8512K, reserved 1048576K
}
Event: 126.600 GC heap before
{Heap before GC invocations=821 (full 3):
 PSYoungGen      total 3584K, used 3442K [0x00000000eab00000, 0x00000000eb080000, 0x0000000100000000)
  eden space 2048K, 100% used [0x00000000eab00000,0x00000000ead00000,0x00000000ead00000)
  from space 1536K, 90% used [0x00000000eae80000,0x00000000eafdcbb0,0x00000000eb000000)
  to   space 512K, 0% used [0x00000000eb000000,0x00000000eb000000,0x00000000eb080000)
 ParOldGen       total 665600K, used 665465K [0x00000000c0000000, 0x00000000e8a00000, 0x00000000eab00000)
  object space 665600K, 99% used [0x00000000c0000000,0x00000000e89de4e0,0x00000000e8a00000)
 Metaspace       used 76005K, committed 77632K, reserved 1179648K
  class space    used 7802K, committed 8512K, reserved 1048576K
}
Event: 126.605 GC heap after
{Heap after GC invocations=821 (full 3):
 PSYoungGen      total 2048K, used 512K [0x00000000eab00000, 0x00000000eb480000, 0x0000000100000000)
  eden space 1536K, 0% used [0x00000000eab00000,0x00000000eab00000,0x00000000eac80000)
  from space 512K, 100% used [0x00000000eb000000,0x00000000eb080000,0x00000000eb080000)
  to   space 3584K, 0% used [0x00000000eac80000,0x00000000eac80000,0x00000000eb000000)
 ParOldGen       total 668160K, used 668058K [0x00000000c0000000, 0x00000000e8c80000, 0x00000000eab00000)
  object space 668160K, 99% used [0x00000000c0000000,0x00000000e8c668b8,0x00000000e8c80000)
 Metaspace       used 76005K, committed 77632K, reserved 1179648K
  class space    used 7802K, committed 8512K, reserved 1048576K
}
Event: 126.617 GC heap before
{Heap before GC invocations=822 (full 3):
 PSYoungGen      total 2048K, used 2040K [0x00000000eab00000, 0x00000000eb480000, 0x0000000100000000)
  eden space 1536K, 99% used [0x00000000eab00000,0x00000000eac7e280,0x00000000eac80000)
  from space 512K, 100% used [0x00000000eb000000,0x00000000eb080000,0x00000000eb080000)
  to   space 3584K, 0% used [0x00000000eac80000,0x00000000eac80000,0x00000000eb000000)
 ParOldGen       total 668160K, used 668058K [0x00000000c0000000, 0x00000000e8c80000, 0x00000000eab00000)
  object space 668160K, 99% used [0x00000000c0000000,0x00000000e8c668b8,0x00000000e8c80000)
 Metaspace       used 76005K, committed 77632K, reserved 1179648K
  class space    used 7802K, committed 8512K, reserved 1048576K
}
Event: 126.622 GC heap after
{Heap after GC invocations=822 (full 3):
 PSYoungGen      total 3072K, used 1312K [0x00000000eab00000, 0x00000000eb100000, 0x0000000100000000)
  eden space 1536K, 0% used [0x00000000eab00000,0x00000000eab00000,0x00000000eac80000)
  from space 1536K, 85% used [0x00000000eac80000,0x00000000eadc8000,0x00000000eae00000)
  to   space 2048K, 0% used [0x00000000eaf00000,0x00000000eaf00000,0x00000000eb100000)
 ParOldGen       total 668672K, used 668626K [0x00000000c0000000, 0x00000000e8d00000, 0x00000000eab00000)
  object space 668672K, 99% used [0x00000000c0000000,0x00000000e8cf48b8,0x00000000e8d00000)
 Metaspace       used 76005K, committed 77632K, reserved 1179648K
  class space    used 7802K, committed 8512K, reserved 1048576K
}
Event: 126.636 GC heap before
{Heap before GC invocations=823 (full 3):
 PSYoungGen      total 3072K, used 2847K [0x00000000eab00000, 0x00000000eb100000, 0x0000000100000000)
  eden space 1536K, 99% used [0x00000000eab00000,0x00000000eac7fff8,0x00000000eac80000)
  from space 1536K, 85% used [0x00000000eac80000,0x00000000eadc8000,0x00000000eae00000)
  to   space 2048K, 0% used [0x00000000eaf00000,0x00000000eaf00000,0x00000000eb100000)
 ParOldGen       total 668672K, used 668626K [0x00000000c0000000, 0x00000000e8d00000, 0x00000000eab00000)
  object space 668672K, 99% used [0x00000000c0000000,0x00000000e8cf48b8,0x00000000e8d00000)
 Metaspace       used 76006K, committed 77632K, reserved 1179648K
  class space    used 7802K, committed 8512K, reserved 1048576K
}
Event: 126.643 GC heap after
{Heap after GC invocations=823 (full 3):
 PSYoungGen      total 3584K, used 1248K [0x00000000eab00000, 0x00000000eb080000, 0x0000000100000000)
  eden space 2048K, 0% used [0x00000000eab00000,0x00000000eab00000,0x00000000ead00000)
  from space 1536K, 81% used [0x00000000eaf00000,0x00000000eb038000,0x00000000eb080000)
  to   space 1536K, 0% used [0x00000000ead80000,0x00000000ead80000,0x00000000eaf00000)
 ParOldGen       total 670208K, used 669850K [0x00000000c0000000, 0x00000000e8e80000, 0x00000000eab00000)
  object space 670208K, 99% used [0x00000000c0000000,0x00000000e8e268b8,0x00000000e8e80000)
 Metaspace       used 76006K, committed 77632K, reserved 1179648K
  class space    used 7802K, committed 8512K, reserved 1048576K
}
Event: 126.659 GC heap before
{Heap before GC invocations=824 (full 3):
 PSYoungGen      total 3584K, used 3296K [0x00000000eab00000, 0x00000000eb080000, 0x0000000100000000)
  eden space 2048K, 100% used [0x00000000eab00000,0x00000000ead00000,0x00000000ead00000)
  from space 1536K, 81% used [0x00000000eaf00000,0x00000000eb038000,0x00000000eb080000)
  to   space 1536K, 0% used [0x00000000ead80000,0x00000000ead80000,0x00000000eaf00000)
 ParOldGen       total 670208K, used 669850K [0x00000000c0000000, 0x00000000e8e80000, 0x00000000eab00000)
  object space 670208K, 99% used [0x00000000c0000000,0x00000000e8e268b8,0x00000000e8e80000)
 Metaspace       used 76006K, committed 77632K, reserved 1179648K
  class space    used 7802K, committed 8512K, reserved 1048576K
}
Event: 126.666 GC heap after
{Heap after GC invocations=824 (full 3):
 PSYoungGen      total 4096K, used 1536K [0x00000000eab00000, 0x00000000eb380000, 0x0000000100000000)
  eden space 2560K, 0% used [0x00000000eab00000,0x00000000eab00000,0x00000000ead80000)
  from space 1536K, 100% used [0x00000000ead80000,0x00000000eaf00000,0x00000000eaf00000)
  to   space 3072K, 0% used [0x00000000eb080000,0x00000000eb080000,0x00000000eb380000)
 ParOldGen       total 671232K, used 671082K [0x00000000c0000000, 0x00000000e8f80000, 0x00000000eab00000)
  object space 671232K, 99% used [0x00000000c0000000,0x00000000e8f5a8b8,0x00000000e8f80000)
 Metaspace       used 76006K, committed 77632K, reserved 1179648K
  class space    used 7802K, committed 8512K, reserved 1048576K
}
Event: 126.687 GC heap before
{Heap before GC invocations=825 (full 3):
 PSYoungGen      total 4096K, used 4096K [0x00000000eab00000, 0x00000000eb380000, 0x0000000100000000)
  eden space 2560K, 100% used [0x00000000eab00000,0x00000000ead80000,0x00000000ead80000)
  from space 1536K, 100% used [0x00000000ead80000,0x00000000eaf00000,0x00000000eaf00000)
  to   space 3072K, 0% used [0x00000000eb080000,0x00000000eb080000,0x00000000eb380000)
 ParOldGen       total 671232K, used 671082K [0x00000000c0000000, 0x00000000e8f80000, 0x00000000eab00000)
  object space 671232K, 99% used [0x00000000c0000000,0x00000000e8f5a8b8,0x00000000e8f80000)
 Metaspace       used 76007K, committed 77632K, reserved 1179648K
  class space    used 7803K, committed 8512K, reserved 1048576K
}
Event: 126.694 GC heap after
{Heap after GC invocations=825 (full 3):
 PSYoungGen      total 4608K, used 1184K [0x00000000eab00000, 0x00000000eb200000, 0x0000000100000000)
  eden space 3072K, 0% used [0x00000000eab00000,0x00000000eab00000,0x00000000eae00000)
  from space 1536K, 77% used [0x00000000eb080000,0x00000000eb1a8000,0x00000000eb200000)
  to   space 2048K, 0% used [0x00000000eae00000,0x00000000eae00000,0x00000000eb000000)
 ParOldGen       total 672768K, used 672626K [0x00000000c0000000, 0x00000000e9100000, 0x00000000eab00000)
  object space 672768K, 99% used [0x00000000c0000000,0x00000000e90dc8b8,0x00000000e9100000)
 Metaspace       used 76007K, committed 77632K, reserved 1179648K
  class space    used 7803K, committed 8512K, reserved 1048576K
}
Event: 126.710 GC heap before
{Heap before GC invocations=826 (full 3):
 PSYoungGen      total 4608K, used 1639K [0x00000000eab00000, 0x00000000eb200000, 0x0000000100000000)
  eden space 3072K, 14% used [0x00000000eab00000,0x00000000eab71c78,0x00000000eae00000)
  from space 1536K, 77% used [0x00000000eb080000,0x00000000eb1a8000,0x00000000eb200000)
  to   space 2048K, 0% used [0x00000000eae00000,0x00000000eae00000,0x00000000eb000000)
 ParOldGen       total 699392K, used 691826K [0x00000000c0000000, 0x00000000eab00000, 0x00000000eab00000)
  object space 699392K, 98% used [0x00000000c0000000,0x00000000ea39c8d8,0x00000000eab00000)
 Metaspace       used 76008K, committed 77632K, reserved 1179648K
  class space    used 7803K, committed 8512K, reserved 1048576K
}
Event: 126.715 GC heap after
{Heap after GC invocations=826 (full 3):
 PSYoungGen      total 5120K, used 400K [0x00000000eab00000, 0x00000000eb100000, 0x0000000100000000)
  eden space 3072K, 0% used [0x00000000eab00000,0x00000000eab00000,0x00000000eae00000)
  from space 2048K, 19% used [0x00000000eae00000,0x00000000eae64010,0x00000000eb000000)
  to   space 1024K, 0% used [0x00000000eb000000,0x00000000eb000000,0x00000000eb100000)
 ParOldGen       total 699392K, used 692922K [0x00000000c0000000, 0x00000000eab00000, 0x00000000eab00000)
  object space 699392K, 99% used [0x00000000c0000000,0x00000000ea4ae8e8,0x00000000eab00000)
 Metaspace       used 76008K, committed 77632K, reserved 1179648K
  class space    used 7803K, committed 8512K, reserved 1048576K
}
Event: 126.715 GC heap before
{Heap before GC invocations=827 (full 3):
 PSYoungGen      total 5120K, used 400K [0x00000000eab00000, 0x00000000eb100000, 0x0000000100000000)
  eden space 3072K, 0% used [0x00000000eab00000,0x00000000eab00000,0x00000000eae00000)
  from space 2048K, 19% used [0x00000000eae00000,0x00000000eae64010,0x00000000eb000000)
  to   space 1024K, 0% used [0x00000000eb000000,0x00000000eb000000,0x00000000eb100000)
 ParOldGen       total 699392K, used 692922K [0x00000000c0000000, 0x00000000eab00000, 0x00000000eab00000)
  object space 699392K, 99% used [0x00000000c0000000,0x00000000ea4ae8e8,0x00000000eab00000)
 Metaspace       used 76008K, committed 77632K, reserved 1179648K
  class space    used 7803K, committed 8512K, reserved 1048576K
}
Event: 126.719 GC heap after
{Heap after GC invocations=827 (full 3):
 PSYoungGen      total 4608K, used 0K [0x00000000eab00000, 0x00000000eb080000, 0x0000000100000000)
  eden space 4096K, 0% used [0x00000000eab00000,0x00000000eab00000,0x00000000eaf00000)
  from space 512K, 0% used [0x00000000eb000000,0x00000000eb000000,0x00000000eb080000)
  to   space 512K, 0% used [0x00000000eaf80000,0x00000000eaf80000,0x00000000eb000000)
 ParOldGen       total 699392K, used 693226K [0x00000000c0000000, 0x00000000eab00000, 0x00000000eab00000)
  object space 699392K, 99% used [0x00000000c0000000,0x00000000ea4fa918,0x00000000eab00000)
 Metaspace       used 76008K, committed 77632K, reserved 1179648K
  class space    used 7803K, committed 8512K, reserved 1048576K
}
Event: 126.719 GC heap before
{Heap before GC invocations=828 (full 4):
 PSYoungGen      total 4608K, used 0K [0x00000000eab00000, 0x00000000eb080000, 0x0000000100000000)
  eden space 4096K, 0% used [0x00000000eab00000,0x00000000eab00000,0x00000000eaf00000)
  from space 512K, 0% used [0x00000000eb000000,0x00000000eb000000,0x00000000eb080000)
  to   space 512K, 0% used [0x00000000eaf80000,0x00000000eaf80000,0x00000000eb000000)
 ParOldGen       total 699392K, used 693226K [0x00000000c0000000, 0x00000000eab00000, 0x00000000eab00000)
  object space 699392K, 99% used [0x00000000c0000000,0x00000000ea4fa918,0x00000000eab00000)
 Metaspace       used 76008K, committed 77632K, reserved 1179648K
  class space    used 7803K, committed 8512K, reserved 1048576K
}

