# JRE version: OpenJDK Runtime Environment Temurin-21.0.5+11 (21.0.5+11) (build 21.0.5+11-LTS)
# Java VM: OpenJDK 64-Bit Server VM Temurin-21.0.5+11 (21.0.5+11-LTS, mixed mode, sharing, tiered, compressed oops, compressed class ptrs, parallel gc, windows-amd64)
GC Precious Log:
 CardTable entry size: 512
 CPUs: 8 total, 8 available
 Memory: 16227M
 Large Page Support: Disabled
 NUMA Support: Disabled
 Compressed Oops: Enabled (32-bit)
 Alignments: Space 512K, Generation 512K, Heap 2M
 Heap Min Capacity: 100M
 Heap Initial Capacity: 100M
 Heap Max Capacity: 1G
 Pre-touch: Disabled
 Parallel Workers: 8
Heap:
 PSYoungGen      total 7680K, used 3491K [0x00000000eab00000, 0x00000000eb480000, 0x0000000100000000)
  eden space 5120K, 54% used [0x00000000eab00000,0x00000000eadbf9a0,0x00000000eb000000)
  from space 2560K, 26% used [0x00000000eb000000,0x00000000eb0a9410,0x00000000eb280000)
  to   space 1024K, 0% used [0x00000000eb380000,0x00000000eb380000,0x00000000eb480000)
 ParOldGen       total 346112K, used 345847K [0x00000000c0000000, 0x00000000d5200000, 0x00000000eab00000)
  object space 346112K, 99% used [0x00000000c0000000,0x00000000d51bdff8,0x00000000d5200000)
 Metaspace       used 86448K, committed 88000K, reserved 1179648K
  class space    used 8590K, committed 9344K, reserved 1048576K
GC Heap History (20 events):
Event: 3722.726 GC heap before
{Heap before GC invocations=1863 (full 8):
 PSYoungGen      total 4608K, used 4576K [0x00000000eab00000, 0x00000000eb800000, 0x0000000100000000)
  eden space 3584K, 100% used [0x00000000eab00000,0x00000000eae80000,0x00000000eae80000)
  from space 1024K, 96% used [0x00000000eb280000,0x00000000eb378310,0x00000000eb380000)
  to   space 4096K, 0% used [0x00000000eae80000,0x00000000eae80000,0x00000000eb280000)
 ParOldGen       total 330240K, used 330009K [0x00000000c0000000, 0x00000000d4280000, 0x00000000eab00000)
  object space 330240K, 99% used [0x00000000c0000000,0x00000000d42465f0,0x00000000d4280000)
 Metaspace       used 86429K, committed 88000K, reserved 1179648K
  class space    used 8590K, committed 9344K, reserved 1048576K
}
Event: 3722.735 GC heap after
{Heap after GC invocations=1863 (full 8):
 PSYoungGen      total 5632K, used 2016K [0x00000000eab00000, 0x00000000eb480000, 0x0000000100000000)
  eden space 3584K, 0% used [0x00000000eab00000,0x00000000eab00000,0x00000000eae80000)
  from space 2048K, 98% used [0x00000000eae80000,0x00000000eb078000,0x00000000eb080000)
  to   space 2560K, 0% used [0x00000000eb200000,0x00000000eb200000,0x00000000eb480000)
 ParOldGen       total 331264K, used 331055K [0x00000000c0000000, 0x00000000d4380000, 0x00000000eab00000)
  object space 331264K, 99% used [0x00000000c0000000,0x00000000d434bc58,0x00000000d4380000)
 Metaspace       used 86429K, committed 88000K, reserved 1179648K
  class space    used 8590K, committed 9344K, reserved 1048576K
}
Event: 3722.758 GC heap before
{Heap before GC invocations=1864 (full 8):
 PSYoungGen      total 5632K, used 5600K [0x00000000eab00000, 0x00000000eb480000, 0x0000000100000000)
  eden space 3584K, 100% used [0x00000000eab00000,0x00000000eae80000,0x00000000eae80000)
  from space 2048K, 98% used [0x00000000eae80000,0x00000000eb078000,0x00000000eb080000)
  to   space 2560K, 0% used [0x00000000eb200000,0x00000000eb200000,0x00000000eb480000)
 ParOldGen       total 331264K, used 331055K [0x00000000c0000000, 0x00000000d4380000, 0x00000000eab00000)
  object space 331264K, 99% used [0x00000000c0000000,0x00000000d434bc58,0x00000000d4380000)
 Metaspace       used 86429K, committed 88000K, reserved 1179648K
  class space    used 8590K, committed 9344K, reserved 1048576K
}
Event: 3722.766 GC heap after
{Heap after GC invocations=1864 (full 8):
 PSYoungGen      total 5632K, used 1001K [0x00000000eab00000, 0x00000000eb300000, 0x0000000100000000)
  eden space 4608K, 0% used [0x00000000eab00000,0x00000000eab00000,0x00000000eaf80000)
  from space 1024K, 97% used [0x00000000eb200000,0x00000000eb2fa410,0x00000000eb300000)
  to   space 1536K, 0% used [0x00000000eb000000,0x00000000eb000000,0x00000000eb180000)
 ParOldGen       total 333312K, used 332921K [0x00000000c0000000, 0x00000000d4580000, 0x00000000eab00000)
  object space 333312K, 99% used [0x00000000c0000000,0x00000000d451e7c8,0x00000000d4580000)
 Metaspace       used 86429K, committed 88000K, reserved 1179648K
  class space    used 8590K, committed 9344K, reserved 1048576K
}
Event: 3722.797 GC heap before
{Heap before GC invocations=1865 (full 8):
 PSYoungGen      total 5632K, used 5609K [0x00000000eab00000, 0x00000000eb300000, 0x0000000100000000)
  eden space 4608K, 100% used [0x00000000eab00000,0x00000000eaf80000,0x00000000eaf80000)
  from space 1024K, 97% used [0x00000000eb200000,0x00000000eb2fa410,0x00000000eb300000)
  to   space 1536K, 0% used [0x00000000eb000000,0x00000000eb000000,0x00000000eb180000)
 ParOldGen       total 333312K, used 332921K [0x00000000c0000000, 0x00000000d4580000, 0x00000000eab00000)
  object space 333312K, 99% used [0x00000000c0000000,0x00000000d451e7c8,0x00000000d4580000)
 Metaspace       used 86434K, committed 88000K, reserved 1179648K
  class space    used 8590K, committed 9344K, reserved 1048576K
}
Event: 3722.802 GC heap after
{Heap after GC invocations=1865 (full 8):
 PSYoungGen      total 6656K, used 1048K [0x00000000eab00000, 0x00000000eb380000, 0x0000000100000000)
  eden space 5120K, 0% used [0x00000000eab00000,0x00000000eab00000,0x00000000eb000000)
  from space 1536K, 68% used [0x00000000eb000000,0x00000000eb106210,0x00000000eb180000)
  to   space 1536K, 0% used [0x00000000eb200000,0x00000000eb200000,0x00000000eb380000)
 ParOldGen       total 333824K, used 333631K [0x00000000c0000000, 0x00000000d4600000, 0x00000000eab00000)
  object space 333824K, 99% used [0x00000000c0000000,0x00000000d45cffc0,0x00000000d4600000)
 Metaspace       used 86434K, committed 88000K, reserved 1179648K
  class space    used 8590K, committed 9344K, reserved 1048576K
}
Event: 3722.870 GC heap before
{Heap before GC invocations=1866 (full 8):
 PSYoungGen      total 6656K, used 6168K [0x00000000eab00000, 0x00000000eb380000, 0x0000000100000000)
  eden space 5120K, 100% used [0x00000000eab00000,0x00000000eb000000,0x00000000eb000000)
  from space 1536K, 68% used [0x00000000eb000000,0x00000000eb106210,0x00000000eb180000)
  to   space 1536K, 0% used [0x00000000eb200000,0x00000000eb200000,0x00000000eb380000)
 ParOldGen       total 333824K, used 333631K [0x00000000c0000000, 0x00000000d4600000, 0x00000000eab00000)
  object space 333824K, 99% used [0x00000000c0000000,0x00000000d45cffc0,0x00000000d4600000)
 Metaspace       used 86435K, committed 88000K, reserved 1179648K
  class space    used 8590K, committed 9344K, reserved 1048576K
}
Event: 3722.879 GC heap after
{Heap after GC invocations=1866 (full 8):
 PSYoungGen      total 5632K, used 1536K [0x00000000eab00000, 0x00000000eb600000, 0x0000000100000000)
  eden space 4096K, 0% used [0x00000000eab00000,0x00000000eab00000,0x00000000eaf00000)
  from space 1536K, 100% used [0x00000000eb200000,0x00000000eb380000,0x00000000eb380000)
  to   space 3072K, 0% used [0x00000000eaf00000,0x00000000eaf00000,0x00000000eb200000)
 ParOldGen       total 334848K, used 334829K [0x00000000c0000000, 0x00000000d4700000, 0x00000000eab00000)
  object space 334848K, 99% used [0x00000000c0000000,0x00000000d46fb490,0x00000000d4700000)
 Metaspace       used 86435K, committed 88000K, reserved 1179648K
  class space    used 8590K, committed 9344K, reserved 1048576K
}
Event: 3722.941 GC heap before
{Heap before GC invocations=1867 (full 8):
 PSYoungGen      total 5632K, used 5632K [0x00000000eab00000, 0x00000000eb600000, 0x0000000100000000)
  eden space 4096K, 100% used [0x00000000eab00000,0x00000000eaf00000,0x00000000eaf00000)
  from space 1536K, 100% used [0x00000000eb200000,0x00000000eb380000,0x00000000eb380000)
  to   space 3072K, 0% used [0x00000000eaf00000,0x00000000eaf00000,0x00000000eb200000)
 ParOldGen       total 334848K, used 334829K [0x00000000c0000000, 0x00000000d4700000, 0x00000000eab00000)
  object space 334848K, 99% used [0x00000000c0000000,0x00000000d46fb490,0x00000000d4700000)
 Metaspace       used 86435K, committed 88000K, reserved 1179648K
  class space    used 8590K, committed 9344K, reserved 1048576K
}
Event: 3722.947 GC heap after
{Heap after GC invocations=1867 (full 8):
 PSYoungGen      total 5120K, used 800K [0x00000000eab00000, 0x00000000eb280000, 0x0000000100000000)
  eden space 4096K, 0% used [0x00000000eab00000,0x00000000eab00000,0x00000000eaf00000)
  from space 1024K, 78% used [0x00000000eaf00000,0x00000000eafc8000,0x00000000eb000000)
  to   space 1536K, 0% used [0x00000000eb100000,0x00000000eb100000,0x00000000eb280000)
 ParOldGen       total 336896K, used 336414K [0x00000000c0000000, 0x00000000d4900000, 0x00000000eab00000)
  object space 336896K, 99% used [0x00000000c0000000,0x00000000d4887bf0,0x00000000d4900000)
 Metaspace       used 86435K, committed 88000K, reserved 1179648K
  class space    used 8590K, committed 9344K, reserved 1048576K
}
Event: 3722.964 GC heap before
{Heap before GC invocations=1868 (full 8):
 PSYoungGen      total 5120K, used 4896K [0x00000000eab00000, 0x00000000eb280000, 0x0000000100000000)
  eden space 4096K, 100% used [0x00000000eab00000,0x00000000eaf00000,0x00000000eaf00000)
  from space 1024K, 78% used [0x00000000eaf00000,0x00000000eafc8000,0x00000000eb000000)
  to   space 1536K, 0% used [0x00000000eb100000,0x00000000eb100000,0x00000000eb280000)
 ParOldGen       total 336896K, used 336414K [0x00000000c0000000, 0x00000000d4900000, 0x00000000eab00000)
  object space 336896K, 99% used [0x00000000c0000000,0x00000000d4887bf0,0x00000000d4900000)
 Metaspace       used 86435K, committed 88000K, reserved 1179648K
  class space    used 8590K, committed 9344K, reserved 1048576K
}
Event: 3722.968 GC heap after
{Heap after GC invocations=1868 (full 8):
 PSYoungGen      total 5120K, used 832K [0x00000000eab00000, 0x00000000eb200000, 0x0000000100000000)
  eden space 4096K, 0% used [0x00000000eab00000,0x00000000eab00000,0x00000000eaf00000)
  from space 1024K, 81% used [0x00000000eb100000,0x00000000eb1d0000,0x00000000eb200000)
  to   space 1024K, 0% used [0x00000000eaf00000,0x00000000eaf00000,0x00000000eb000000)
 ParOldGen       total 337408K, used 337166K [0x00000000c0000000, 0x00000000d4980000, 0x00000000eab00000)
  object space 337408K, 99% used [0x00000000c0000000,0x00000000d4943bf0,0x00000000d4980000)
 Metaspace       used 86435K, committed 88000K, reserved 1179648K
  class space    used 8590K, committed 9344K, reserved 1048576K
}
Event: 3722.997 GC heap before
{Heap before GC invocations=1869 (full 8):
 PSYoungGen      total 5120K, used 4613K [0x00000000eab00000, 0x00000000eb200000, 0x0000000100000000)
  eden space 4096K, 92% used [0x00000000eab00000,0x00000000eaeb16c0,0x00000000eaf00000)
  from space 1024K, 81% used [0x00000000eb100000,0x00000000eb1d0000,0x00000000eb200000)
  to   space 1024K, 0% used [0x00000000eaf00000,0x00000000eaf00000,0x00000000eb000000)
 ParOldGen       total 337408K, used 337166K [0x00000000c0000000, 0x00000000d4980000, 0x00000000eab00000)
  object space 337408K, 99% used [0x00000000c0000000,0x00000000d4943bf0,0x00000000d4980000)
 Metaspace       used 86435K, committed 88000K, reserved 1179648K
  class space    used 8590K, committed 9344K, reserved 1048576K
}
Event: 3723.000 GC heap after
{Heap after GC invocations=1869 (full 8):
 PSYoungGen      total 5120K, used 768K [0x00000000eab00000, 0x00000000eb180000, 0x0000000100000000)
  eden space 4096K, 0% used [0x00000000eab00000,0x00000000eab00000,0x00000000eaf00000)
  from space 1024K, 75% used [0x00000000eaf00000,0x00000000eafc0010,0x00000000eb000000)
  to   space 1024K, 0% used [0x00000000eb080000,0x00000000eb080000,0x00000000eb180000)
 ParOldGen       total 338432K, used 337926K [0x00000000c0000000, 0x00000000d4a80000, 0x00000000eab00000)
  object space 338432K, 99% used [0x00000000c0000000,0x00000000d4a01bf0,0x00000000d4a80000)
 Metaspace       used 86435K, committed 88000K, reserved 1179648K
  class space    used 8590K, committed 9344K, reserved 1048576K
}
Event: 3723.016 GC heap before
{Heap before GC invocations=1870 (full 8):
 PSYoungGen      total 5120K, used 3910K [0x00000000eab00000, 0x00000000eb180000, 0x0000000100000000)
  eden space 4096K, 76% used [0x00000000eab00000,0x00000000eae11998,0x00000000eaf00000)
  from space 1024K, 75% used [0x00000000eaf00000,0x00000000eafc0010,0x00000000eb000000)
  to   space 1024K, 0% used [0x00000000eb080000,0x00000000eb080000,0x00000000eb180000)
 ParOldGen       total 338432K, used 337926K [0x00000000c0000000, 0x00000000d4a80000, 0x00000000eab00000)
  object space 338432K, 99% used [0x00000000c0000000,0x00000000d4a01bf0,0x00000000d4a80000)
 Metaspace       used 86435K, committed 88000K, reserved 1179648K
  class space    used 8590K, committed 9344K, reserved 1048576K
}
Event: 3723.019 GC heap after
{Heap after GC invocations=1870 (full 8):
 PSYoungGen      total 4608K, used 256K [0x00000000eab00000, 0x00000000eb100000, 0x0000000100000000)
  eden space 4096K, 0% used [0x00000000eab00000,0x00000000eab00000,0x00000000eaf00000)
  from space 512K, 50% used [0x00000000eb080000,0x00000000eb0c0000,0x00000000eb100000)
  to   space 512K, 0% used [0x00000000eb000000,0x00000000eb000000,0x00000000eb080000)
 ParOldGen       total 339968K, used 339413K [0x00000000c0000000, 0x00000000d4c00000, 0x00000000eab00000)
  object space 339968K, 99% used [0x00000000c0000000,0x00000000d4b754f0,0x00000000d4c00000)
 Metaspace       used 86435K, committed 88000K, reserved 1179648K
  class space    used 8590K, committed 9344K, reserved 1048576K
}
Event: 3723.099 GC heap before
{Heap before GC invocations=1871 (full 8):
 PSYoungGen      total 4608K, used 4352K [0x00000000eab00000, 0x00000000eb100000, 0x0000000100000000)
  eden space 4096K, 100% used [0x00000000eab00000,0x00000000eaf00000,0x00000000eaf00000)
  from space 512K, 50% used [0x00000000eb080000,0x00000000eb0c0000,0x00000000eb100000)
  to   space 512K, 0% used [0x00000000eb000000,0x00000000eb000000,0x00000000eb080000)
 ParOldGen       total 339968K, used 339413K [0x00000000c0000000, 0x00000000d4c00000, 0x00000000eab00000)
  object space 339968K, 99% used [0x00000000c0000000,0x00000000d4b754f0,0x00000000d4c00000)
 Metaspace       used 86435K, committed 88000K, reserved 1179648K
  class space    used 8590K, committed 9344K, reserved 1048576K
}
Event: 3723.100 GC heap after
{Heap after GC invocations=1871 (full 8):
 PSYoungGen      total 4608K, used 362K [0x00000000eab00000, 0x00000000eb100000, 0x0000000100000000)
  eden space 4096K, 0% used [0x00000000eab00000,0x00000000eab00000,0x00000000eaf00000)
  from space 512K, 70% used [0x00000000eb000000,0x00000000eb05a910,0x00000000eb080000)
  to   space 512K, 0% used [0x00000000eb080000,0x00000000eb080000,0x00000000eb100000)
 ParOldGen       total 339968K, used 339477K [0x00000000c0000000, 0x00000000d4c00000, 0x00000000eab00000)
  object space 339968K, 99% used [0x00000000c0000000,0x00000000d4b854f0,0x00000000d4c00000)
 Metaspace       used 86435K, committed 88000K, reserved 1179648K
  class space    used 8590K, committed 9344K, reserved 1048576K
}
Event: 3723.160 GC heap before
{Heap before GC invocations=1872 (full 8):
 PSYoungGen      total 4608K, used 4458K [0x00000000eab00000, 0x00000000eb100000, 0x0000000100000000)
  eden space 4096K, 100% used [0x00000000eab00000,0x00000000eaf00000,0x00000000eaf00000)
  from space 512K, 70% used [0x00000000eb000000,0x00000000eb05a910,0x00000000eb080000)
  to   space 512K, 0% used [0x00000000eb080000,0x00000000eb080000,0x00000000eb100000)
 ParOldGen       total 339968K, used 339477K [0x00000000c0000000, 0x00000000d4c00000, 0x00000000eab00000)
  object space 339968K, 99% used [0x00000000c0000000,0x00000000d4b854f0,0x00000000d4c00000)
 Metaspace       used 86438K, committed 88000K, reserved 1179648K
  class space    used 8590K, committed 9344K, reserved 1048576K
}
Event: 3723.163 GC heap after
{Heap after GC invocations=1872 (full 8):
 PSYoungGen      total 4608K, used 452K [0x00000000eab00000, 0x00000000eb100000, 0x0000000100000000)
  eden space 4096K, 0% used [0x00000000eab00000,0x00000000eab00000,0x00000000eaf00000)
  from space 512K, 88% used [0x00000000eb080000,0x00000000eb0f1210,0x00000000eb100000)
  to   space 512K, 0% used [0x00000000eb000000,0x00000000eb000000,0x00000000eb080000)
 ParOldGen       total 339968K, used 339501K [0x00000000c0000000, 0x00000000d4c00000, 0x00000000eab00000)
  object space 339968K, 99% used [0x00000000c0000000,0x00000000d4b8b4f0,0x00000000d4c00000)
 Metaspace       used 86438K, committed 88000K, reserved 1179648K
  class space    used 8590K, committed 9344K, reserved 1048576K
}

