# JRE version: OpenJDK Runtime Environment Temurin-21.0.5+11 (21.0.5+11) (build 21.0.5+11-LTS)
# Java VM: OpenJDK 64-Bit Server VM Temurin-21.0.5+11 (21.0.5+11-LTS, mixed mode, sharing, tiered, compressed oops, compressed class ptrs, parallel gc, windows-amd64)
GC Precious Log:
 CardTable entry size: 512
 CPUs: 8 total, 8 available
 Memory: 16227M
 Large Page Support: Disabled
 NUMA Support: Disabled
 Compressed Oops: Enabled (32-bit)
 Alignments: Space 512K, Generation 512K, Heap 2M
 Heap Min Capacity: 100M
 Heap Initial Capacity: 100M
 Heap Max Capacity: 1G
 Pre-touch: Disabled
 Parallel Workers: 8
Heap:
 PSYoungGen      total 3072K, used 0K [0x00000000eab00000, 0x00000000eb000000, 0x0000000100000000)
  eden space 2560K, 0% used [0x00000000eab00000,0x00000000eab00000,0x00000000ead80000)
  from space 512K, 0% used [0x00000000ead80000,0x00000000ead80000,0x00000000eae00000)
  to   space 1024K, 0% used [0x00000000eaf00000,0x00000000eaf00000,0x00000000eb000000)
 ParOldGen       total 699392K, used 692907K [0x00000000c0000000, 0x00000000eab00000, 0x00000000eab00000)
  object space 699392K, 99% used [0x00000000c0000000,0x00000000ea4aadb0,0x00000000eab00000)
 Metaspace       used 95390K, committed 97216K, reserved 1179648K
  class space    used 9253K, committed 10176K, reserved 1048576K
GC Heap History (20 events):
Event: 1830.016 GC heap after
{Heap after GC invocations=8887 (full 63):
 PSYoungGen      total 1536K, used 224K [0x00000000eab00000, 0x00000000eb180000, 0x0000000100000000)
  eden space 1024K, 0% used [0x00000000eab00000,0x00000000eab00000,0x00000000eac00000)
  from space 512K, 43% used [0x00000000eb100000,0x00000000eb138000,0x00000000eb180000)
  to   space 1024K, 0% used [0x00000000eaf80000,0x00000000eaf80000,0x00000000eb080000)
 ParOldGen       total 661504K, used 661281K [0x00000000c0000000, 0x00000000e8600000, 0x00000000eab00000)
  object space 661504K, 99% used [0x00000000c0000000,0x00000000e85c8698,0x00000000e8600000)
 Metaspace       used 95377K, committed 97216K, reserved 1179648K
  class space    used 9253K, committed 10176K, reserved 1048576K
}
Event: 1830.026 GC heap before
{Heap before GC invocations=8888 (full 63):
 PSYoungGen      total 1536K, used 1248K [0x00000000eab00000, 0x00000000eb180000, 0x0000000100000000)
  eden space 1024K, 100% used [0x00000000eab00000,0x00000000eac00000,0x00000000eac00000)
  from space 512K, 43% used [0x00000000eb100000,0x00000000eb138000,0x00000000eb180000)
  to   space 1024K, 0% used [0x00000000eaf80000,0x00000000eaf80000,0x00000000eb080000)
 ParOldGen       total 661504K, used 661281K [0x00000000c0000000, 0x00000000e8600000, 0x00000000eab00000)
  object space 661504K, 99% used [0x00000000c0000000,0x00000000e85c8698,0x00000000e8600000)
 Metaspace       used 95377K, committed 97216K, reserved 1179648K
  class space    used 9253K, committed 10176K, reserved 1048576K
}
Event: 1830.033 GC heap after
{Heap after GC invocations=8888 (full 63):
 PSYoungGen      total 2560K, used 992K [0x00000000eab00000, 0x00000000eb180000, 0x0000000100000000)
  eden space 1536K, 0% used [0x00000000eab00000,0x00000000eab00000,0x00000000eac80000)
  from space 1024K, 96% used [0x00000000eaf80000,0x00000000eb078040,0x00000000eb080000)
  to   space 1024K, 0% used [0x00000000eb080000,0x00000000eb080000,0x00000000eb180000)
 ParOldGen       total 661504K, used 661361K [0x00000000c0000000, 0x00000000e8600000, 0x00000000eab00000)
  object space 661504K, 99% used [0x00000000c0000000,0x00000000e85dc698,0x00000000e8600000)
 Metaspace       used 95377K, committed 97216K, reserved 1179648K
  class space    used 9253K, committed 10176K, reserved 1048576K
}
Event: 1830.041 GC heap before
{Heap before GC invocations=8889 (full 63):
 PSYoungGen      total 2560K, used 2528K [0x00000000eab00000, 0x00000000eb180000, 0x0000000100000000)
  eden space 1536K, 100% used [0x00000000eab00000,0x00000000eac80000,0x00000000eac80000)
  from space 1024K, 96% used [0x00000000eaf80000,0x00000000eb078040,0x00000000eb080000)
  to   space 1024K, 0% used [0x00000000eb080000,0x00000000eb080000,0x00000000eb180000)
 ParOldGen       total 661504K, used 661361K [0x00000000c0000000, 0x00000000e8600000, 0x00000000eab00000)
  object space 661504K, 99% used [0x00000000c0000000,0x00000000e85dc698,0x00000000e8600000)
 Metaspace       used 95377K, committed 97216K, reserved 1179648K
  class space    used 9253K, committed 10176K, reserved 1048576K
}
Event: 1830.048 GC heap after
{Heap after GC invocations=8889 (full 63):
 PSYoungGen      total 3072K, used 816K [0x00000000eab00000, 0x00000000eb180000, 0x0000000100000000)
  eden space 2048K, 0% used [0x00000000eab00000,0x00000000eab00000,0x00000000ead00000)
  from space 1024K, 79% used [0x00000000eb080000,0x00000000eb14c358,0x00000000eb180000)
  to   space 1024K, 0% used [0x00000000eaf80000,0x00000000eaf80000,0x00000000eb080000)
 ParOldGen       total 663040K, used 662981K [0x00000000c0000000, 0x00000000e8780000, 0x00000000eab00000)
  object space 663040K, 99% used [0x00000000c0000000,0x00000000e8771550,0x00000000e8780000)
 Metaspace       used 95377K, committed 97216K, reserved 1179648K
  class space    used 9253K, committed 10176K, reserved 1048576K
}
Event: 1830.057 GC heap before
{Heap before GC invocations=8890 (full 63):
 PSYoungGen      total 3072K, used 2844K [0x00000000eab00000, 0x00000000eb180000, 0x0000000100000000)
  eden space 2048K, 98% used [0x00000000eab00000,0x00000000eacfad00,0x00000000ead00000)
  from space 1024K, 79% used [0x00000000eb080000,0x00000000eb14c358,0x00000000eb180000)
  to   space 1024K, 0% used [0x00000000eaf80000,0x00000000eaf80000,0x00000000eb080000)
 ParOldGen       total 663040K, used 662981K [0x00000000c0000000, 0x00000000e8780000, 0x00000000eab00000)
  object space 663040K, 99% used [0x00000000c0000000,0x00000000e8771550,0x00000000e8780000)
 Metaspace       used 95377K, committed 97216K, reserved 1179648K
  class space    used 9253K, committed 10176K, reserved 1048576K
}
Event: 1830.062 GC heap after
{Heap after GC invocations=8890 (full 63):
 PSYoungGen      total 3584K, used 1004K [0x00000000eab00000, 0x00000000eb380000, 0x0000000100000000)
  eden space 2560K, 0% used [0x00000000eab00000,0x00000000eab00000,0x00000000ead80000)
  from space 1024K, 98% used [0x00000000eaf80000,0x00000000eb07b3b8,0x00000000eb080000)
  to   space 3072K, 0% used [0x00000000eb080000,0x00000000eb080000,0x00000000eb380000)
 ParOldGen       total 664576K, used 664537K [0x00000000c0000000, 0x00000000e8900000, 0x00000000eab00000)
  object space 664576K, 99% used [0x00000000c0000000,0x00000000e88f65a0,0x00000000e8900000)
 Metaspace       used 95377K, committed 97216K, reserved 1179648K
  class space    used 9253K, committed 10176K, reserved 1048576K
}
Event: 1830.076 GC heap before
{Heap before GC invocations=8891 (full 63):
 PSYoungGen      total 3584K, used 3564K [0x00000000eab00000, 0x00000000eb380000, 0x0000000100000000)
  eden space 2560K, 100% used [0x00000000eab00000,0x00000000ead80000,0x00000000ead80000)
  from space 1024K, 98% used [0x00000000eaf80000,0x00000000eb07b3b8,0x00000000eb080000)
  to   space 3072K, 0% used [0x00000000eb080000,0x00000000eb080000,0x00000000eb380000)
 ParOldGen       total 664576K, used 664537K [0x00000000c0000000, 0x00000000e8900000, 0x00000000eab00000)
  object space 664576K, 99% used [0x00000000c0000000,0x00000000e88f65a0,0x00000000e8900000)
 Metaspace       used 95377K, committed 97216K, reserved 1179648K
  class space    used 9253K, committed 10176K, reserved 1048576K
}
Event: 1830.086 GC heap after
{Heap after GC invocations=8891 (full 63):
 PSYoungGen      total 5632K, used 2125K [0x00000000eab00000, 0x00000000eb300000, 0x0000000100000000)
  eden space 3072K, 0% used [0x00000000eab00000,0x00000000eab00000,0x00000000eae00000)
  from space 2560K, 83% used [0x00000000eb080000,0x00000000eb293720,0x00000000eb300000)
  to   space 2560K, 0% used [0x00000000eae00000,0x00000000eae00000,0x00000000eb080000)
 ParOldGen       total 665600K, used 665570K [0x00000000c0000000, 0x00000000e8a00000, 0x00000000eab00000)
  object space 665600K, 99% used [0x00000000c0000000,0x00000000e89f8aa8,0x00000000e8a00000)
 Metaspace       used 95377K, committed 97216K, reserved 1179648K
  class space    used 9253K, committed 10176K, reserved 1048576K
}
Event: 1830.124 GC heap before
{Heap before GC invocations=8892 (full 63):
 PSYoungGen      total 5632K, used 5197K [0x00000000eab00000, 0x00000000eb300000, 0x0000000100000000)
  eden space 3072K, 100% used [0x00000000eab00000,0x00000000eae00000,0x00000000eae00000)
  from space 2560K, 83% used [0x00000000eb080000,0x00000000eb293720,0x00000000eb300000)
  to   space 2560K, 0% used [0x00000000eae00000,0x00000000eae00000,0x00000000eb080000)
 ParOldGen       total 665600K, used 665570K [0x00000000c0000000, 0x00000000e8a00000, 0x00000000eab00000)
  object space 665600K, 99% used [0x00000000c0000000,0x00000000e89f8aa8,0x00000000e8a00000)
 Metaspace       used 95389K, committed 97216K, reserved 1179648K
  class space    used 9253K, committed 10176K, reserved 1048576K
}
Event: 1830.132 GC heap after
{Heap after GC invocations=8892 (full 63):
 PSYoungGen      total 5632K, used 1440K [0x00000000eab00000, 0x00000000eb300000, 0x0000000100000000)
  eden space 3072K, 0% used [0x00000000eab00000,0x00000000eab00000,0x00000000eae00000)
  from space 2560K, 56% used [0x00000000eae00000,0x00000000eaf68000,0x00000000eb080000)
  to   space 2048K, 0% used [0x00000000eb100000,0x00000000eb100000,0x00000000eb300000)
 ParOldGen       total 667648K, used 667581K [0x00000000c0000000, 0x00000000e8c00000, 0x00000000eab00000)
  object space 667648K, 99% used [0x00000000c0000000,0x00000000e8bef540,0x00000000e8c00000)
 Metaspace       used 95389K, committed 97216K, reserved 1179648K
  class space    used 9253K, committed 10176K, reserved 1048576K
}
Event: 1830.155 GC heap before
{Heap before GC invocations=8893 (full 63):
 PSYoungGen      total 5632K, used 4503K [0x00000000eab00000, 0x00000000eb300000, 0x0000000100000000)
  eden space 3072K, 99% used [0x00000000eab00000,0x00000000eadfdf38,0x00000000eae00000)
  from space 2560K, 56% used [0x00000000eae00000,0x00000000eaf68000,0x00000000eb080000)
  to   space 2048K, 0% used [0x00000000eb100000,0x00000000eb100000,0x00000000eb300000)
 ParOldGen       total 667648K, used 667581K [0x00000000c0000000, 0x00000000e8c00000, 0x00000000eab00000)
  object space 667648K, 99% used [0x00000000c0000000,0x00000000e8bef540,0x00000000e8c00000)
 Metaspace       used 95390K, committed 97216K, reserved 1179648K
  class space    used 9253K, committed 10176K, reserved 1048576K
}
Event: 1830.163 GC heap after
{Heap after GC invocations=8893 (full 63):
 PSYoungGen      total 4096K, used 2048K [0x00000000eab00000, 0x00000000eb700000, 0x0000000100000000)
  eden space 2048K, 0% used [0x00000000eab00000,0x00000000eab00000,0x00000000ead00000)
  from space 2048K, 100% used [0x00000000eb100000,0x00000000eb300000,0x00000000eb300000)
  to   space 4096K, 0% used [0x00000000ead00000,0x00000000ead00000,0x00000000eb100000)
 ParOldGen       total 669696K, used 669213K [0x00000000c0000000, 0x00000000e8e00000, 0x00000000eab00000)
  object space 669696K, 99% used [0x00000000c0000000,0x00000000e8d87540,0x00000000e8e00000)
 Metaspace       used 95390K, committed 97216K, reserved 1179648K
  class space    used 9253K, committed 10176K, reserved 1048576K
}
Event: 1830.187 GC heap before
{Heap before GC invocations=8894 (full 63):
 PSYoungGen      total 4096K, used 4096K [0x00000000eab00000, 0x00000000eb700000, 0x0000000100000000)
  eden space 2048K, 100% used [0x00000000eab00000,0x00000000ead00000,0x00000000ead00000)
  from space 2048K, 100% used [0x00000000eb100000,0x00000000eb300000,0x00000000eb300000)
  to   space 4096K, 0% used [0x00000000ead00000,0x00000000ead00000,0x00000000eb100000)
 ParOldGen       total 669696K, used 669213K [0x00000000c0000000, 0x00000000e8e00000, 0x00000000eab00000)
  object space 669696K, 99% used [0x00000000c0000000,0x00000000e8d87540,0x00000000e8e00000)
 Metaspace       used 95390K, committed 97216K, reserved 1179648K
  class space    used 9253K, committed 10176K, reserved 1048576K
}
Event: 1830.196 GC heap after
{Heap after GC invocations=8894 (full 63):
 PSYoungGen      total 3584K, used 1054K [0x00000000eab00000, 0x00000000eb180000, 0x0000000100000000)
  eden space 2048K, 0% used [0x00000000eab00000,0x00000000eab00000,0x00000000ead00000)
  from space 1536K, 68% used [0x00000000ead00000,0x00000000eae07800,0x00000000eae80000)
  to   space 2048K, 0% used [0x00000000eaf80000,0x00000000eaf80000,0x00000000eb180000)
 ParOldGen       total 671744K, used 671285K [0x00000000c0000000, 0x00000000e9000000, 0x00000000eab00000)
  object space 671744K, 99% used [0x00000000c0000000,0x00000000e8f8d540,0x00000000e9000000)
 Metaspace       used 95390K, committed 97216K, reserved 1179648K
  class space    used 9253K, committed 10176K, reserved 1048576K
}
Event: 1830.222 GC heap before
{Heap before GC invocations=8895 (full 63):
 PSYoungGen      total 3584K, used 3102K [0x00000000eab00000, 0x00000000eb180000, 0x0000000100000000)
  eden space 2048K, 100% used [0x00000000eab00000,0x00000000ead00000,0x00000000ead00000)
  from space 1536K, 68% used [0x00000000ead00000,0x00000000eae07800,0x00000000eae80000)
  to   space 2048K, 0% used [0x00000000eaf80000,0x00000000eaf80000,0x00000000eb180000)
 ParOldGen       total 699392K, used 690485K [0x00000000c0000000, 0x00000000eab00000, 0x00000000eab00000)
  object space 699392K, 98% used [0x00000000c0000000,0x00000000ea24d560,0x00000000eab00000)
 Metaspace       used 95390K, committed 97216K, reserved 1179648K
  class space    used 9253K, committed 10176K, reserved 1048576K
}
Event: 1830.230 GC heap after
{Heap after GC invocations=8895 (full 63):
 PSYoungGen      total 4608K, used 1484K [0x00000000eab00000, 0x00000000eb180000, 0x0000000100000000)
  eden space 2560K, 0% used [0x00000000eab00000,0x00000000eab00000,0x00000000ead80000)
  from space 2048K, 72% used [0x00000000eaf80000,0x00000000eb0f3010,0x00000000eb180000)
  to   space 2048K, 0% used [0x00000000ead80000,0x00000000ead80000,0x00000000eaf80000)
 ParOldGen       total 699392K, used 691137K [0x00000000c0000000, 0x00000000eab00000, 0x00000000eab00000)
  object space 699392K, 98% used [0x00000000c0000000,0x00000000ea2f0570,0x00000000eab00000)
 Metaspace       used 95390K, committed 97216K, reserved 1179648K
  class space    used 9253K, committed 10176K, reserved 1048576K
}
Event: 1830.230 GC heap before
{Heap before GC invocations=8896 (full 63):
 PSYoungGen      total 4608K, used 1484K [0x00000000eab00000, 0x00000000eb180000, 0x0000000100000000)
  eden space 2560K, 0% used [0x00000000eab00000,0x00000000eab00000,0x00000000ead80000)
  from space 2048K, 72% used [0x00000000eaf80000,0x00000000eb0f3010,0x00000000eb180000)
  to   space 2048K, 0% used [0x00000000ead80000,0x00000000ead80000,0x00000000eaf80000)
 ParOldGen       total 699392K, used 691137K [0x00000000c0000000, 0x00000000eab00000, 0x00000000eab00000)
  object space 699392K, 98% used [0x00000000c0000000,0x00000000ea2f0570,0x00000000eab00000)
 Metaspace       used 95390K, committed 97216K, reserved 1179648K
  class space    used 9253K, committed 10176K, reserved 1048576K
}
Event: 1830.235 GC heap after
{Heap after GC invocations=8896 (full 63):
 PSYoungGen      total 3072K, used 0K [0x00000000eab00000, 0x00000000eb000000, 0x0000000100000000)
  eden space 2560K, 0% used [0x00000000eab00000,0x00000000eab00000,0x00000000ead80000)
  from space 512K, 0% used [0x00000000ead80000,0x00000000ead80000,0x00000000eae00000)
  to   space 1024K, 0% used [0x00000000eaf00000,0x00000000eaf00000,0x00000000eb000000)
 ParOldGen       total 699392K, used 692907K [0x00000000c0000000, 0x00000000eab00000, 0x00000000eab00000)
  object space 699392K, 99% used [0x00000000c0000000,0x00000000ea4aadb0,0x00000000eab00000)
 Metaspace       used 95390K, committed 97216K, reserved 1179648K
  class space    used 9253K, committed 10176K, reserved 1048576K
}
Event: 1830.235 GC heap before
{Heap before GC invocations=8897 (full 64):
 PSYoungGen      total 3072K, used 0K [0x00000000eab00000, 0x00000000eb000000, 0x0000000100000000)
  eden space 2560K, 0% used [0x00000000eab00000,0x00000000eab00000,0x00000000ead80000)
  from space 512K, 0% used [0x00000000ead80000,0x00000000ead80000,0x00000000eae00000)
  to   space 1024K, 0% used [0x00000000eaf00000,0x00000000eaf00000,0x00000000eb000000)
 ParOldGen       total 699392K, used 692907K [0x00000000c0000000, 0x00000000eab00000, 0x00000000eab00000)
  object space 699392K, 99% used [0x00000000c0000000,0x00000000ea4aadb0,0x00000000eab00000)
 Metaspace       used 95390K, committed 97216K, reserved 1179648K
  class space    used 9253K, committed 10176K, reserved 1048576K
}

